[ Info: Saving RMP at /local_workspace/tannmath/TSSP/exp/../data/rmp/4node_2048_10.mps.bz2
[ Info: Saving RMP at /local_workspace/tannmath/TSSP/exp/../data/rmp/4node_2048_20.mps.bz2
[ Info: Saving last RMP at /local_workspace/tannmath/TSSP/exp/../data/rmp/4node_2048_24.mps.bz2
┌ Info: Colgen stats
│   mp.primal_lp_bound = -441.7375000000003
└   mp.dual_bound = -441.73749999999944
Iter      Primal Obj.       Dual bound    %Gap     #Cols   Time(s)   BarIter   SpxIter
   0  +0.00000000e+00             -Inf  100.00      2048      0.06         5        10
   1  -2.11992642e+02             -Inf  100.00      2457      0.25        14        20
   2  -2.55096392e+02             -Inf  100.00      2866      0.45        30        31
   3  -2.55096392e+02             -Inf  100.00      3275      0.67        45        46
   4  -3.00102467e+02             -Inf  100.00      3684      0.91        59        62
   5  -3.17889038e+02             -Inf  100.00      4093      1.20        76        90
   6  -3.36474001e+02             -Inf  100.00      4502      1.55        99       115
   7  -3.44414919e+02             -Inf  100.00      4911      1.95       115       130
   8  -3.49515039e+02             -Inf  100.00      5320      2.40       133       141
   9  -3.50976949e+02             -Inf  100.00      5729      2.92       154       152
  10  -3.63248674e+02             -Inf  100.00      6138      4.10       177       214
  11  -3.63254510e+02             -Inf  100.00      6547      4.72       200       258
  12  -3.63258911e+02             -Inf  100.00      6956      5.32       223       346
  13  -3.68321810e+02             -Inf  100.00      7365      6.00       248       358
  14  -3.79407912e+02             -Inf  100.00      7774      6.68       274       394
  15  -3.90880654e+02             -Inf  100.00      8183      7.35       298       414
  16  -4.03147101e+02             -Inf  100.00      8592      8.08       320       533
  17  -4.15733793e+02             -Inf  100.00      9001      8.82       341       554
  18  -4.22693168e+02             -Inf  100.00      9410      9.64       366       641
  19  -4.31402215e+02             -Inf  100.00      9819     10.51       391       825
  20  -4.33060673e+02             -Inf  100.00     10228     12.04       415      1005
  21  -4.40480761e+02  -4.42412932e+02    0.44     10599     13.72       436      1923
  22  -4.41311195e+02  -4.42412932e+02    0.25     11008     15.09       458      2171
  23  -4.41313440e+02  -4.42412932e+02    0.25     11417     16.08       484      2344
  24  -4.41737500e+02  -4.42315813e+02    0.13     11466     17.66       509      3132
CG terminated with status OPTIMAL

Total time / MP: 7.86s
Total time / SP: 7.17s
Total time / CG: 18.70s
Inner barrier iterations: 509
Inner simplex iterations: 3132
Pricing calls: 17851
 18.713223 seconds (10.83 M allocations: 368.667 MiB, 0.85% gc time)
