[ Info: Saving RMP at /local_workspace/tannmath/TSSP/exp/../data/rmp/4node-base_1024_10.mps.bz2
[ Info: Saving RMP at /local_workspace/tannmath/TSSP/exp/../data/rmp/4node-base_1024_20.mps.bz2
[ Info: Saving last RMP at /local_workspace/tannmath/TSSP/exp/../data/rmp/4node-base_1024_26.mps.bz2
┌ Info: Colgen stats
│   mp.primal_lp_bound = -423.023823242187
└   mp.dual_bound = -423.0500000000002
Iter      Primal Obj.       Dual bound    %Gap     #Cols   Time(s)   BarIter   SpxIter
   0  +0.00000000e+00             -Inf  100.00      1024      0.06         6        10
   1  -1.59252559e+02             -Inf  100.00      1228      0.14        12        20
   2  -2.11161563e+02             -Inf  100.00      1432      0.23        30        35
   3  -2.22257799e+02             -Inf  100.00      1636      0.35        59        49
   4  -2.94423698e+02             -Inf  100.00      1840      0.48        85        71
   5  -3.01865750e+02             -Inf  100.00      2044      0.63       107        82
   6  -3.07169555e+02             -Inf  100.00      2248      0.80       129       100
   7  -3.25241597e+02             -Inf  100.00      2452      0.97       144       124
   8  -3.41594819e+02             -Inf  100.00      2656      1.18       168       168
   9  -3.42929693e+02             -Inf  100.00      2860      1.40       186       185
  10  -3.56862799e+02             -Inf  100.00      3064      1.91       204       199
  11  -3.68188539e+02             -Inf  100.00      3268      2.15       223       215
  12  -3.72051148e+02             -Inf  100.00      3472      2.44       247       239
  13  -3.77210918e+02             -Inf  100.00      3676      2.70       261       264
  14  -3.88716724e+02             -Inf  100.00      3880      2.99       281       297
  15  -3.97009450e+02             -Inf  100.00      4084      3.33       304       319
  16  -4.02669340e+02             -Inf  100.00      4288      3.64       323       370
  17  -4.06063803e+02             -Inf  100.00      4492      3.95       342       414
  18  -4.11037572e+02             -Inf  100.00      4696      4.30       360       455
  19  -4.13937567e+02             -Inf  100.00      4900      4.67       380       651
  20  -4.15662167e+02             -Inf  100.00      5104      5.54       399       835
  21  -4.19272394e+02             -Inf  100.00      5308      6.01       416       912
  22  -4.20219090e+02             -Inf  100.00      5512      6.48       436      1043
  23  -4.22111924e+02             -Inf  100.00      5716      7.00       454      1369
  24  -4.22983841e+02  -4.23143951e+02    0.04      5826      7.65       471      1858
  25  -4.22985581e+02  -4.23143951e+02    0.04      6030      8.09       488      2374
  26  -4.23023823e+02  -4.23050000e+02    0.01      6045      8.97       508      2800
CG terminated with status OPTIMAL

Total time / MP: 4.54s
Total time / SP: 2.75s
Total time / CG: 8.97s
Inner barrier iterations: 508
Inner simplex iterations: 2800
Pricing calls: 8197
  8.985832 seconds (5.15 M allocations: 183.572 MiB, 0.56% gc time)
