[ Info: Saving RMP at /local_workspace/tannmath/TSSP/exp/../data/rmp/4node-base_2048_10.mps.bz2
[ Info: Saving RMP at /local_workspace/tannmath/TSSP/exp/../data/rmp/4node-base_2048_20.mps.bz2
[ Info: Saving last RMP at /local_workspace/tannmath/TSSP/exp/../data/rmp/4node-base_2048_27.mps.bz2
┌ Info: Colgen stats
│   mp.primal_lp_bound = -423.7542524414062
└   mp.dual_bound = -423.76250000000005
Iter      Primal Obj.       Dual bound    %Gap     #Cols   Time(s)   BarIter   SpxIter
   0  +0.00000000e+00             -Inf  100.00      2048      0.06         6        10
   1  -1.59707036e+02             -Inf  100.00      2457      0.24        12        20
   2  -2.12007686e+02             -Inf  100.00      2866      0.43        36        31
   3  -2.24293848e+02             -Inf  100.00      3275      0.68        67        43
   4  -2.78263981e+02             -Inf  100.00      3684      0.92        81        56
   5  -2.88920820e+02             -Inf  100.00      4093      1.25       113        89
   6  -3.01845099e+02             -Inf  100.00      4502      1.60       134       112
   7  -3.30271190e+02             -Inf  100.00      4911      2.00       148       128
   8  -3.41169653e+02             -Inf  100.00      5320      2.52       178       149
   9  -3.43970394e+02             -Inf  100.00      5729      3.11       211       181
  10  -3.52035784e+02             -Inf  100.00      6138      4.30       230       196
  11  -3.60436370e+02             -Inf  100.00      6547      4.90       245       217
  12  -3.69521375e+02             -Inf  100.00      6956      5.44       262       258
  13  -3.75704226e+02             -Inf  100.00      7365      6.18       294       283
  14  -3.78462678e+02             -Inf  100.00      7774      6.87       320       311
  15  -3.83574969e+02             -Inf  100.00      8183      7.55       342       339
  16  -3.92151427e+02             -Inf  100.00      8592      8.30       365       360
  17  -3.98646223e+02             -Inf  100.00      9001      9.05       389       388
  18  -4.01565761e+02             -Inf  100.00      9410      9.83       411       435
  19  -4.07570156e+02             -Inf  100.00      9819     10.65       430       493
  20  -4.12731149e+02             -Inf  100.00     10228     12.57       449       554
  21  -4.15503491e+02             -Inf  100.00     10637     13.63       475       718
  22  -4.16617796e+02             -Inf  100.00     11046     14.75       507       810
  23  -4.19307895e+02             -Inf  100.00     11455     15.92       531      1078
  24  -4.20557615e+02             -Inf  100.00     11864     16.92       553      1519
  25  -4.22349991e+02             -Inf  100.00     12273     18.22       575      1859
  26  -4.23069458e+02             -Inf  100.00     12682     19.40       597      2599
  27  -4.23754252e+02  -4.23762500e+02    0.00     12816     20.88       614      3553
CG terminated with status OPTIMAL

Total time / MP: 11.93s
Total time / SP: 5.47s
Total time / CG: 20.88s
Inner barrier iterations: 614
Inner simplex iterations: 3553
Pricing calls: 15448
 20.892397 seconds (9.70 M allocations: 343.937 MiB, 0.55% gc time)
