[ Info: Saving RMP at /local_workspace/tannmath/TSSP/exp/../data/rmp/4node-base_16384_10.mps.bz2
[ Info: Saving RMP at /local_workspace/tannmath/TSSP/exp/../data/rmp/4node-base_16384_20.mps.bz2
[ Info: Saving last RMP at /local_workspace/tannmath/TSSP/exp/../data/rmp/4node-base_16384_25.mps.bz2
┌ Info: Colgen stats
│   mp.primal_lp_bound = -424.76214731216453
└   mp.dual_bound = -424.77546874999985
Iter      Primal Obj.       Dual bound    %Gap     #Cols   Time(s)   BarIter   SpxIter
   0  +0.00000000e+00             -Inf  100.00     16384      0.08         6        10
   1  -1.59987383e+02             -Inf  100.00     19660      1.48        12        20
   2  -2.12182553e+02             -Inf  100.00     22936      3.06        42        35
   3  -2.24534517e+02             -Inf  100.00     26212      5.38        95       105
   4  -2.83779876e+02             -Inf  100.00     29488      8.78       157       116
   5  -2.94978634e+02             -Inf  100.00     32764     12.48       213       141
   6  -3.14811825e+02             -Inf  100.00     36040     17.06       253       175
   7  -3.23721148e+02             -Inf  100.00     39316     21.37       272       309
   8  -3.27449664e+02             -Inf  100.00     42592     26.95       302       343
   9  -3.43749775e+02             -Inf  100.00     45868     33.31       337       376
  10  -3.58682157e+02             -Inf  100.00     49144     45.21       367       395
  11  -3.69045193e+02             -Inf  100.00     52420     51.95       396       569
  12  -3.75277829e+02             -Inf  100.00     55696     58.53       415       625
  13  -3.85167511e+02             -Inf  100.00     58972     65.75       440       692
  14  -3.89822824e+02             -Inf  100.00     62248     72.80       461       807
  15  -3.97888785e+02             -Inf  100.00     65524     81.35       490       856
  16  -4.03933960e+02             -Inf  100.00     68800     91.31       524      1048
  17  -4.08368053e+02             -Inf  100.00     72076    103.33       564      1312
  18  -4.11794361e+02             -Inf  100.00     75352    115.22       604      1430
  19  -4.15098021e+02             -Inf  100.00     78628    124.62       627      1903
  20  -4.17921432e+02             -Inf  100.00     81904    146.25       657      2460
  21  -4.20839095e+02             -Inf  100.00     85180    160.39       698      3749
  22  -4.22500186e+02             -Inf  100.00     88456    171.44       726      5501
  23  -4.24036592e+02             -Inf  100.00     91732    185.52       756     10721
  24  -4.24725066e+02  -4.24775469e+02    0.01     92833    200.51       781     14771
  25  -4.24762147e+02  -4.24775469e+02    0.00     95640    219.23       813     18511
CG terminated with status OPTIMAL

Total time / MP: 143.82s
Total time / SP: 45.04s
Total time / CG: 219.23s
Inner barrier iterations: 813
Inner simplex iterations: 18511
Pricing calls: 127993
219.249304 seconds (79.26 M allocations: 2.748 GiB, 0.40% gc time)
