[ Info: Saving RMP at /local_workspace/tannmath/TSSP/exp/../data/rmp/4node_32768_10.mps.bz2
[ Info: Saving RMP at /local_workspace/tannmath/TSSP/exp/../data/rmp/4node_32768_20.mps.bz2
[ Info: Saving last RMP at /local_workspace/tannmath/TSSP/exp/../data/rmp/4node_32768_21.mps.bz2
┌ Info: Colgen stats
│   mp.primal_lp_bound = -446.85529224500385
└   mp.dual_bound = -446.8831994353263
Iter      Primal Obj.       Dual bound    %Gap     #Cols   Time(s)   BarIter   SpxIter
   0  +0.00000000e+00             -Inf  100.00     32768      0.22         5        10
   1  -2.12939346e+02             -Inf  100.00     39321      2.63        29        20
   2  -2.56828775e+02             -Inf  100.00     45874      6.27        73        32
   3  -2.56828775e+02             -Inf  100.00     52427     10.54       126        48
   4  -3.05966239e+02             -Inf  100.00     58980     16.83       195        64
   5  -3.12412250e+02             -Inf  100.00     65533     24.94       241        87
   6  -3.40308192e+02             -Inf  100.00     72086     36.29       290       132
   7  -3.49203014e+02             -Inf  100.00     78639     51.19       352       150
   8  -3.56623164e+02             -Inf  100.00     85192     64.84       400       172
   9  -3.68734507e+02             -Inf  100.00     91745     80.84       443       209
  10  -3.76174340e+02             -Inf  100.00     98298    108.63       489       225
  11  -3.89907283e+02             -Inf  100.00    104851    124.72       535       347
  12  -4.02097282e+02             -Inf  100.00    111404    141.19       576       893
  13  -4.13440048e+02             -Inf  100.00    117957    157.76       613      2097
  14  -4.25421414e+02             -Inf  100.00    124510    177.09       657      2985
  15  -4.36808554e+02             -Inf  100.00    131063    196.14       693      3776
  16  -4.39799796e+02             -Inf  100.00    137616    215.86       736      6041
  17  -4.46216747e+02  -4.48108010e+02    0.42    144051    253.77       791     19647
  18  -4.46431159e+02  -4.48108010e+02    0.38    150604    282.30       852     25004
  19  -4.46718054e+02  -4.48108010e+02    0.31    157157    314.78       897     27197
  20  -4.46854651e+02  -4.47355225e+02    0.11    158488    362.37       945     32342
  21  -4.46855292e+02  -4.46883199e+02    0.01    158747    396.79       988     53587
CG terminated with status OPTIMAL

Total time / MP: 248.66s
Total time / SP: 95.78s
Total time / CG: 396.79s
Inner barrier iterations: 988
Inner simplex iterations: 53587
Pricing calls: 261998
396.810469 seconds (157.06 M allocations: 5.194 GiB, 0.37% gc time)
