[ Info: Saving RMP at /local_workspace/tannmath/TSSP/exp/../data/rmp/4node_16384_10.mps.bz2
[ Info: Saving RMP at /local_workspace/tannmath/TSSP/exp/../data/rmp/4node_16384_20.mps.bz2
[ Info: Saving last RMP at /local_workspace/tannmath/TSSP/exp/../data/rmp/4node_16384_23.mps.bz2
┌ Info: Colgen stats
│   mp.primal_lp_bound = -446.8562500000012
└   mp.dual_bound = -446.8562500000013
Iter      Primal Obj.       Dual bound    %Gap     #Cols   Time(s)   BarIter   SpxIter
   0  +0.00000000e+00             -Inf  100.00     16384      0.08         5        10
   1  -2.12831883e+02             -Inf  100.00     19660      1.34        31        21
   2  -2.56582475e+02             -Inf  100.00     22936      3.15        71        33
   3  -2.56582475e+02             -Inf  100.00     26212      5.25       115        47
   4  -3.05943957e+02             -Inf  100.00     29488      8.30       155        66
   5  -3.23881770e+02             -Inf  100.00     32764     11.64       181        95
   6  -3.47760605e+02             -Inf  100.00     36040     16.06       216       119
   7  -3.55745353e+02             -Inf  100.00     39316     20.47       245       136
   8  -3.55745353e+02             -Inf  100.00     42592     26.20       281       153
   9  -3.55947393e+02             -Inf  100.00     45868     32.63       315       174
  10  -3.62583642e+02             -Inf  100.00     49144     46.53       366       202
  11  -3.62584897e+02             -Inf  100.00     52420     56.90       414       238
  12  -3.71196352e+02             -Inf  100.00     55696     65.42       454       274
  13  -3.85485061e+02             -Inf  100.00     58972     73.82       491       389
  14  -3.97162181e+02             -Inf  100.00     62248     84.04       539       928
  15  -4.08257199e+02             -Inf  100.00     65524     93.86       583      1273
  16  -4.19103353e+02             -Inf  100.00     68800    102.74       618      1555
  17  -4.30973299e+02             -Inf  100.00     72076    113.64       666      2820
  18  -4.38705765e+02             -Inf  100.00     75352    126.97       715      5055
  19  -4.43511987e+02             -Inf  100.00     78628    138.75       755      5582
  20  -4.46818096e+02  -4.47534741e+02    0.16     81052    158.92       788     12540
  21  -4.46856250e+02  -4.47534741e+02    0.15     83121    172.43       817     16430
  22  -4.46856250e+02  -4.47534741e+02    0.15     84145    186.66       850     20169
  23  -4.46856250e+02  -4.47534741e+02    0.15     87421    193.49       878     23729
CG terminated with status OPTIMAL

Total time / MP: 114.85s
Total time / SP: 58.03s
Total time / CG: 201.88s
Inner barrier iterations: 878
Inner simplex iterations: 23729
Pricing calls: 150268
201.899377 seconds (90.16 M allocations: 2.992 GiB, 0.45% gc time)
