[ Info: Saving RMP at /local_workspace/tannmath/TSSP/exp/../data/rmp/4node-base_32768_10.mps.bz2
[ Info: Saving RMP at /local_workspace/tannmath/TSSP/exp/../data/rmp/4node-base_32768_20.mps.bz2
[ Info: Saving last RMP at /local_workspace/tannmath/TSSP/exp/../data/rmp/4node-base_32768_23.mps.bz2
┌ Info: Colgen stats
│   mp.primal_lp_bound = -424.77546874999643
└   mp.dual_bound = -424.7769140624997
Iter      Primal Obj.       Dual bound    %Gap     #Cols   Time(s)   BarIter   SpxIter
   0  +0.00000000e+00             -Inf  100.00     32768      0.09         6        10
   1  -1.60037270e+02             -Inf  100.00     39321      3.24        12        20
   2  -2.12274813e+02             -Inf  100.00     45874      7.31        44        35
   3  -2.23502381e+02             -Inf  100.00     52427     12.50        94       172
   4  -2.94212605e+02             -Inf  100.00     58980     19.50       156       242
   5  -3.01555242e+02             -Inf  100.00     65533     28.52       205       475
   6  -3.08060890e+02             -Inf  100.00     72086     36.15       229       623
   7  -3.24860681e+02             -Inf  100.00     78639     44.19       251      1018
   8  -3.38888742e+02             -Inf  100.00     85192     56.14       281      1245
   9  -3.44703032e+02             -Inf  100.00     91745     68.11       308      1338
  10  -3.52329613e+02             -Inf  100.00     98298     93.29       336      1388
  11  -3.68312555e+02             -Inf  100.00    104851    108.81       368      1462
  12  -3.74952013e+02             -Inf  100.00    111404    123.52       389      1503
  13  -3.84434587e+02             -Inf  100.00    117957    143.12       421      1673
  14  -3.92271519e+02             -Inf  100.00    124510    164.54       452      1879
  15  -3.99330601e+02             -Inf  100.00    131063    185.39       478      2101
  16  -4.03348544e+02             -Inf  100.00    137616    210.01       512      2443
  17  -4.09192331e+02             -Inf  100.00    144169    240.90       556      2947
  18  -4.14265738e+02             -Inf  100.00    150722    268.45       590      4061
  19  -4.17478083e+02             -Inf  100.00    157275    300.86       636      6548
  20  -4.19959704e+02             -Inf  100.00    163828    357.67       686      8630
  21  -4.22746260e+02             -Inf  100.00    170381    393.32       729     11896
  22  -4.24110228e+02             -Inf  100.00    176934    427.52       764     25156
  23  -4.24775469e+02  -4.24776914e+02    0.00    179320    462.64       793     37893
CG terminated with status OPTIMAL

Total time / MP: 321.61s
Total time / SP: 79.85s
Total time / CG: 462.64s
Inner barrier iterations: 793
Inner simplex iterations: 37893
Pricing calls: 222013
462.663818 seconds (138.00 M allocations: 4.773 GiB, 0.40% gc time)
