[ Info: Saving last RMP at /local_workspace/tannmath/TSSP/exp/../data/rmp/env_32928_6.mps.bz2
┌ Info: Colgen stats
│   mp.primal_lp_bound = -22438.966357135392
└   mp.dual_bound = -22438.966345851277
Iter      Primal Obj.       Dual bound    %Gap     #Cols   Time(s)   BarIter   SpxIter
   0  +6.56189801e+03             -Inf  100.00     32928      0.20         9        10
   1  +3.11334811e+03             -Inf  100.00     39513      2.77        20        19
   2  -1.45582746e+03             -Inf  100.00     46098      5.48        32       129
   3  -7.43084756e+03             -Inf  100.00     52683      8.55        44       341
   4  -1.32250508e+04             -Inf  100.00     59268     11.88        56       618
   5  -1.90849146e+04             -Inf  100.00     65853     16.43        68      1226
   6  -2.24389664e+04  -2.24389663e+04    0.00     69517     22.01        80      1757
CG terminated with status OPTIMAL

Total time / MP: 2.45s
Total time / SP: 13.17s
Total time / CG: 22.01s
Inner barrier iterations: 80
Inner simplex iterations: 1757
Pricing calls: 89942
 22.025556 seconds (36.90 M allocations: 1.556 GiB, 1.20% gc time)
